have_func: checking for labs() in stdlib.h... -------------------- yes

"clang -o conftest -I/Users/hiroshi/.rbenv/versions/2.4.0/include/ruby-2.4.0/x86_64-darwin16 -I/Users/hiroshi/.rbenv/versions/2.4.0/include/ruby-2.4.0/ruby/backward -I/Users/hiroshi/.rbenv/versions/2.4.0/include/ruby-2.4.0 -I. -I/Users/hiroshi/.rbenv/versions/2.4.0/include  -D_XOPEN_SOURCE -D_DARWIN_C_SOURCE -D_DARWIN_UNLIMITED_SELECT -D_REENTRANT    -O3 -Wno-error=shorten-64-to-32  -pipe conftest.c  -L. -L/Users/hiroshi/.rbenv/versions/2.4.0/lib -L. -L/Users/hiroshi/.rbenv/versions/2.4.0/lib  -fstack-protector -L/usr/local/lib     -lruby-static -framework CoreFoundation  -lpthread -ldl -lobjc "
checked program was:
/* begin */
1: #include "ruby.h"
2: 
3: int main(int argc, char **argv)
4: {
5:   return 0;
6: }
/* end */

"clang -o conftest -I/Users/hiroshi/.rbenv/versions/2.4.0/include/ruby-2.4.0/x86_64-darwin16 -I/Users/hiroshi/.rbenv/versions/2.4.0/include/ruby-2.4.0/ruby/backward -I/Users/hiroshi/.rbenv/versions/2.4.0/include/ruby-2.4.0 -I. -I/Users/hiroshi/.rbenv/versions/2.4.0/include  -D_XOPEN_SOURCE -D_DARWIN_C_SOURCE -D_DARWIN_UNLIMITED_SELECT -D_REENTRANT    -O3 -Wno-error=shorten-64-to-32  -pipe conftest.c  -L. -L/Users/hiroshi/.rbenv/versions/2.4.0/lib -L. -L/Users/hiroshi/.rbenv/versions/2.4.0/lib  -fstack-protector -L/usr/local/lib     -lruby-static -framework CoreFoundation  -lpthread -ldl -lobjc "
checked program was:
/* begin */
 1: #include "ruby.h"
 2: 
 3: #include <stdlib.h>
 4: 
 5: /*top*/
 6: extern int t(void);
 7: int main(int argc, char **argv)
 8: {
 9:   if (argc > 1000000) {
10:     printf("%p", &t);
11:   }
12: 
13:   return 0;
14: }
15: int t(void) { void ((*volatile p)()); p = (void ((*)()))labs; return !p; }
/* end */

--------------------

have_func: checking for llabs() in stdlib.h... -------------------- yes

"clang -o conftest -I/Users/hiroshi/.rbenv/versions/2.4.0/include/ruby-2.4.0/x86_64-darwin16 -I/Users/hiroshi/.rbenv/versions/2.4.0/include/ruby-2.4.0/ruby/backward -I/Users/hiroshi/.rbenv/versions/2.4.0/include/ruby-2.4.0 -I. -I/Users/hiroshi/.rbenv/versions/2.4.0/include  -D_XOPEN_SOURCE -D_DARWIN_C_SOURCE -D_DARWIN_UNLIMITED_SELECT -D_REENTRANT    -O3 -Wno-error=shorten-64-to-32  -pipe conftest.c  -L. -L/Users/hiroshi/.rbenv/versions/2.4.0/lib -L. -L/Users/hiroshi/.rbenv/versions/2.4.0/lib  -fstack-protector -L/usr/local/lib     -lruby-static -framework CoreFoundation  -lpthread -ldl -lobjc "
checked program was:
/* begin */
 1: #include "ruby.h"
 2: 
 3: #include <stdlib.h>
 4: 
 5: /*top*/
 6: extern int t(void);
 7: int main(int argc, char **argv)
 8: {
 9:   if (argc > 1000000) {
10:     printf("%p", &t);
11:   }
12: 
13:   return 0;
14: }
15: int t(void) { void ((*volatile p)()); p = (void ((*)()))llabs; return !p; }
/* end */

--------------------

have_func: checking for finite() in math.h... -------------------- yes

"clang -o conftest -I/Users/hiroshi/.rbenv/versions/2.4.0/include/ruby-2.4.0/x86_64-darwin16 -I/Users/hiroshi/.rbenv/versions/2.4.0/include/ruby-2.4.0/ruby/backward -I/Users/hiroshi/.rbenv/versions/2.4.0/include/ruby-2.4.0 -I. -I/Users/hiroshi/.rbenv/versions/2.4.0/include  -D_XOPEN_SOURCE -D_DARWIN_C_SOURCE -D_DARWIN_UNLIMITED_SELECT -D_REENTRANT    -O3 -Wno-error=shorten-64-to-32  -pipe conftest.c  -L. -L/Users/hiroshi/.rbenv/versions/2.4.0/lib -L. -L/Users/hiroshi/.rbenv/versions/2.4.0/lib  -fstack-protector -L/usr/local/lib     -lruby-static -framework CoreFoundation  -lpthread -ldl -lobjc "
conftest.c:15:57: warning: 'finite' is deprecated: first deprecated in macOS 10.9 - Use `isfinite((double)x)` instead. [-Wdeprecated-declarations]
int t(void) { void ((*volatile p)()); p = (void ((*)()))finite; return !p; }
                                                        ^
/Applications/Xcode.app/Contents/Developer/Platforms/MacOSX.platform/Developer/SDKs/MacOSX10.14.sdk/usr/include/math.h:749:12: note: 'finite' has been explicitly marked deprecated here
extern int finite(double)
           ^
1 warning generated.
checked program was:
/* begin */
 1: #include "ruby.h"
 2: 
 3: #include <math.h>
 4: 
 5: /*top*/
 6: extern int t(void);
 7: int main(int argc, char **argv)
 8: {
 9:   if (argc > 1000000) {
10:     printf("%p", &t);
11:   }
12: 
13:   return 0;
14: }
15: int t(void) { void ((*volatile p)()); p = (void ((*)()))finite; return !p; }
/* end */

--------------------

have_func: checking for isfinite() in math.h... -------------------- no

"clang -o conftest -I/Users/hiroshi/.rbenv/versions/2.4.0/include/ruby-2.4.0/x86_64-darwin16 -I/Users/hiroshi/.rbenv/versions/2.4.0/include/ruby-2.4.0/ruby/backward -I/Users/hiroshi/.rbenv/versions/2.4.0/include/ruby-2.4.0 -I. -I/Users/hiroshi/.rbenv/versions/2.4.0/include  -D_XOPEN_SOURCE -D_DARWIN_C_SOURCE -D_DARWIN_UNLIMITED_SELECT -D_REENTRANT    -O3 -Wno-error=shorten-64-to-32  -pipe conftest.c  -L. -L/Users/hiroshi/.rbenv/versions/2.4.0/lib -L. -L/Users/hiroshi/.rbenv/versions/2.4.0/lib  -fstack-protector -L/usr/local/lib     -lruby-static -framework CoreFoundation  -lpthread -ldl -lobjc "
conftest.c:15:57: error: use of undeclared identifier 'isfinite'
int t(void) { void ((*volatile p)()); p = (void ((*)()))isfinite; return !p; }
                                                        ^
1 error generated.
checked program was:
/* begin */
 1: #include "ruby.h"
 2: 
 3: #include <math.h>
 4: 
 5: /*top*/
 6: extern int t(void);
 7: int main(int argc, char **argv)
 8: {
 9:   if (argc > 1000000) {
10:     printf("%p", &t);
11:   }
12: 
13:   return 0;
14: }
15: int t(void) { void ((*volatile p)()); p = (void ((*)()))isfinite; return !p; }
/* end */

"clang -o conftest -I/Users/hiroshi/.rbenv/versions/2.4.0/include/ruby-2.4.0/x86_64-darwin16 -I/Users/hiroshi/.rbenv/versions/2.4.0/include/ruby-2.4.0/ruby/backward -I/Users/hiroshi/.rbenv/versions/2.4.0/include/ruby-2.4.0 -I. -I/Users/hiroshi/.rbenv/versions/2.4.0/include  -D_XOPEN_SOURCE -D_DARWIN_C_SOURCE -D_DARWIN_UNLIMITED_SELECT -D_REENTRANT    -O3 -Wno-error=shorten-64-to-32  -pipe conftest.c  -L. -L/Users/hiroshi/.rbenv/versions/2.4.0/lib -L. -L/Users/hiroshi/.rbenv/versions/2.4.0/lib  -fstack-protector -L/usr/local/lib     -lruby-static -framework CoreFoundation  -lpthread -ldl -lobjc "
conftest.c:15:13: error: expected identifier or '('
extern void isfinite();
            ^
/Applications/Xcode.app/Contents/Developer/Platforms/MacOSX.platform/Developer/SDKs/MacOSX10.14.sdk/usr/include/math.h:155:7: note: expanded from macro 'isfinite'
    ( sizeof(x) == sizeof(float)  ? __inline_isfinitef((float)(x))       \
      ^
conftest.c:15:13: error: expected ')'
/Applications/Xcode.app/Contents/Developer/Platforms/MacOSX.platform/Developer/SDKs/MacOSX10.14.sdk/usr/include/math.h:155:7: note: expanded from macro 'isfinite'
    ( sizeof(x) == sizeof(float)  ? __inline_isfinitef((float)(x))       \
      ^
conftest.c:15:13: note: to match this '('
/Applications/Xcode.app/Contents/Developer/Platforms/MacOSX.platform/Developer/SDKs/MacOSX10.14.sdk/usr/include/math.h:155:5: note: expanded from macro 'isfinite'
    ( sizeof(x) == sizeof(float)  ? __inline_isfinitef((float)(x))       \
    ^
conftest.c:16:15: error: expected expression
int t(void) { isfinite(); return 0; }
              ^
/Applications/Xcode.app/Contents/Developer/Platforms/MacOSX.platform/Developer/SDKs/MacOSX10.14.sdk/usr/include/math.h:155:15: note: expanded from macro 'isfinite'
    ( sizeof(x) == sizeof(float)  ? __inline_isfinitef((float)(x))       \
              ^
conftest.c:16:15: error: expected expression
/Applications/Xcode.app/Contents/Developer/Platforms/MacOSX.platform/Developer/SDKs/MacOSX10.14.sdk/usr/include/math.h:155:65: note: expanded from macro 'isfinite'
    ( sizeof(x) == sizeof(float)  ? __inline_isfinitef((float)(x))       \
                                                                ^
conftest.c:16:15: error: expected expression
/Applications/Xcode.app/Contents/Developer/Platforms/MacOSX.platform/Developer/SDKs/MacOSX10.14.sdk/usr/include/math.h:156:15: note: expanded from macro 'isfinite'
    : sizeof(x) == sizeof(double) ? __inline_isfinited((double)(x))      \
              ^
conftest.c:16:15: error: expected expression
/Applications/Xcode.app/Contents/Developer/Platforms/MacOSX.platform/Developer/SDKs/MacOSX10.14.sdk/usr/include/math.h:156:66: note: expanded from macro 'isfinite'
    : sizeof(x) == sizeof(double) ? __inline_isfinited((double)(x))      \
                                                                 ^
conftest.c:16:15: error: expected expression
/Applications/Xcode.app/Contents/Developer/Platforms/MacOSX.platform/Developer/SDKs/MacOSX10.14.sdk/usr/include/math.h:157:71: note: expanded from macro 'isfinite'
                                  : __inline_isfinitel((long double)(x)))
                                                                      ^
7 errors generated.
checked program was:
/* begin */
 1: #include "ruby.h"
 2: 
 3: #include <math.h>
 4: 
 5: /*top*/
 6: extern int t(void);
 7: int main(int argc, char **argv)
 8: {
 9:   if (argc > 1000000) {
10:     printf("%p", &t);
11:   }
12: 
13:   return 0;
14: }
15: extern void isfinite();
16: int t(void) { isfinite(); return 0; }
/* end */

--------------------

have_type: checking for struct RRational in ruby.h... -------------------- no

"clang -I/Users/hiroshi/.rbenv/versions/2.4.0/include/ruby-2.4.0/x86_64-darwin16 -I/Users/hiroshi/.rbenv/versions/2.4.0/include/ruby-2.4.0/ruby/backward -I/Users/hiroshi/.rbenv/versions/2.4.0/include/ruby-2.4.0 -I. -I/Users/hiroshi/.rbenv/versions/2.4.0/include  -D_XOPEN_SOURCE -D_DARWIN_C_SOURCE -D_DARWIN_UNLIMITED_SELECT -D_REENTRANT    -O3 -Wno-error=shorten-64-to-32  -pipe   -c conftest.c"
conftest.c:7:17: error: invalid application of 'sizeof' to an incomplete type 'conftest_type' (aka 'struct RRational')
int conftestval[sizeof(conftest_type)?1:-1];
                ^     ~~~~~~~~~~~~~~~
conftest.c:6:16: note: forward declaration of 'struct RRational'
typedef struct RRational conftest_type;
               ^
1 error generated.
checked program was:
/* begin */
1: #include "ruby.h"
2: 
3: #include <ruby.h>
4: 
5: /*top*/
6: typedef struct RRational conftest_type;
7: int conftestval[sizeof(conftest_type)?1:-1];
/* end */

--------------------

have_func: checking for rb_rational_num() in ruby.h... -------------------- yes

"clang -o conftest -I/Users/hiroshi/.rbenv/versions/2.4.0/include/ruby-2.4.0/x86_64-darwin16 -I/Users/hiroshi/.rbenv/versions/2.4.0/include/ruby-2.4.0/ruby/backward -I/Users/hiroshi/.rbenv/versions/2.4.0/include/ruby-2.4.0 -I. -I/Users/hiroshi/.rbenv/versions/2.4.0/include  -D_XOPEN_SOURCE -D_DARWIN_C_SOURCE -D_DARWIN_UNLIMITED_SELECT -D_REENTRANT    -O3 -Wno-error=shorten-64-to-32  -pipe conftest.c  -L. -L/Users/hiroshi/.rbenv/versions/2.4.0/lib -L. -L/Users/hiroshi/.rbenv/versions/2.4.0/lib  -fstack-protector -L/usr/local/lib     -lruby-static -framework CoreFoundation  -lpthread -ldl -lobjc "
checked program was:
/* begin */
 1: #include "ruby.h"
 2: 
 3: #include <ruby.h>
 4: 
 5: /*top*/
 6: extern int t(void);
 7: int main(int argc, char **argv)
 8: {
 9:   if (argc > 1000000) {
10:     printf("%p", &t);
11:   }
12: 
13:   return 0;
14: }
15: int t(void) { void ((*volatile p)()); p = (void ((*)()))rb_rational_num; return !p; }
/* end */

--------------------

have_func: checking for rb_rational_den() in ruby.h... -------------------- yes

"clang -o conftest -I/Users/hiroshi/.rbenv/versions/2.4.0/include/ruby-2.4.0/x86_64-darwin16 -I/Users/hiroshi/.rbenv/versions/2.4.0/include/ruby-2.4.0/ruby/backward -I/Users/hiroshi/.rbenv/versions/2.4.0/include/ruby-2.4.0 -I. -I/Users/hiroshi/.rbenv/versions/2.4.0/include  -D_XOPEN_SOURCE -D_DARWIN_C_SOURCE -D_DARWIN_UNLIMITED_SELECT -D_REENTRANT    -O3 -Wno-error=shorten-64-to-32  -pipe conftest.c  -L. -L/Users/hiroshi/.rbenv/versions/2.4.0/lib -L. -L/Users/hiroshi/.rbenv/versions/2.4.0/lib  -fstack-protector -L/usr/local/lib     -lruby-static -framework CoreFoundation  -lpthread -ldl -lobjc "
checked program was:
/* begin */
 1: #include "ruby.h"
 2: 
 3: #include <ruby.h>
 4: 
 5: /*top*/
 6: extern int t(void);
 7: int main(int argc, char **argv)
 8: {
 9:   if (argc > 1000000) {
10:     printf("%p", &t);
11:   }
12: 
13:   return 0;
14: }
15: int t(void) { void ((*volatile p)()); p = (void ((*)()))rb_rational_den; return !p; }
/* end */

--------------------

have_func: checking for rb_array_const_ptr() in ruby.h... -------------------- yes

"clang -o conftest -I/Users/hiroshi/.rbenv/versions/2.4.0/include/ruby-2.4.0/x86_64-darwin16 -I/Users/hiroshi/.rbenv/versions/2.4.0/include/ruby-2.4.0/ruby/backward -I/Users/hiroshi/.rbenv/versions/2.4.0/include/ruby-2.4.0 -I. -I/Users/hiroshi/.rbenv/versions/2.4.0/include  -D_XOPEN_SOURCE -D_DARWIN_C_SOURCE -D_DARWIN_UNLIMITED_SELECT -D_REENTRANT    -O3 -Wno-error=shorten-64-to-32  -pipe conftest.c  -L. -L/Users/hiroshi/.rbenv/versions/2.4.0/lib -L. -L/Users/hiroshi/.rbenv/versions/2.4.0/lib  -fstack-protector -L/usr/local/lib     -lruby-static -framework CoreFoundation  -lpthread -ldl -lobjc "
checked program was:
/* begin */
 1: #include "ruby.h"
 2: 
 3: #include <ruby.h>
 4: 
 5: /*top*/
 6: extern int t(void);
 7: int main(int argc, char **argv)
 8: {
 9:   if (argc > 1000000) {
10:     printf("%p", &t);
11:   }
12: 
13:   return 0;
14: }
15: int t(void) { void ((*volatile p)()); p = (void ((*)()))rb_array_const_ptr; return !p; }
/* end */

--------------------

have_func: checking for rb_sym2str() in ruby.h... -------------------- yes

"clang -o conftest -I/Users/hiroshi/.rbenv/versions/2.4.0/include/ruby-2.4.0/x86_64-darwin16 -I/Users/hiroshi/.rbenv/versions/2.4.0/include/ruby-2.4.0/ruby/backward -I/Users/hiroshi/.rbenv/versions/2.4.0/include/ruby-2.4.0 -I. -I/Users/hiroshi/.rbenv/versions/2.4.0/include  -D_XOPEN_SOURCE -D_DARWIN_C_SOURCE -D_DARWIN_UNLIMITED_SELECT -D_REENTRANT    -O3 -Wno-error=shorten-64-to-32  -pipe conftest.c  -L. -L/Users/hiroshi/.rbenv/versions/2.4.0/lib -L. -L/Users/hiroshi/.rbenv/versions/2.4.0/lib  -fstack-protector -L/usr/local/lib     -lruby-static -framework CoreFoundation  -lpthread -ldl -lobjc "
checked program was:
/* begin */
 1: #include "ruby.h"
 2: 
 3: #include <ruby.h>
 4: 
 5: /*top*/
 6: extern int t(void);
 7: int main(int argc, char **argv)
 8: {
 9:   if (argc > 1000000) {
10:     printf("%p", &t);
11:   }
12: 
13:   return 0;
14: }
15: int t(void) { void ((*volatile p)()); p = (void ((*)()))rb_sym2str; return !p; }
/* end */

--------------------

